This is pdfTeX, Version 3.1415926-2.5-1.40.14 (MiKTeX 2.9 64-bit) (preloaded format=pdflatex 2014.10.2)  3 JAN 2018 17:37
entering extended mode
**0BMbitirme.tex

("C:\Users\FIRAT UÇAR\Desktop\LATEX BİTİRME\BİTİRME LaTeX Şablonu\BİTİR
ME TEZİ LaTeX DOSYALARI ve BUB.cls\BM-BİTİRME LaTeX Şablonu\BUB DOSYALARI\0
BMbitirme.tex"
LaTeX2e <2011/06/27>
Babel <v3.8m> and hyphenation patterns for english, afrikaans, ancientgreek, ar
abic, armenian, assamese, basque, bengali, bokmal, bulgarian, catalan, coptic, 
croatian, czech, danish, dutch, esperanto, estonian, farsi, finnish, french, ga
lician, german, german-x-2013-05-26, greek, gujarati, hindi, hungarian, iceland
ic, indonesian, interlingua, irish, italian, kannada, kurmanji, latin, latvian,
 lithuanian, malayalam, marathi, mongolian, mongolianlmc, monogreek, ngerman, n
german-x-2013-05-26, nynorsk, oriya, panjabi, pinyin, polish, portuguese, roman
ian, russian, sanskrit, serbian, slovak, slovenian, spanish, swedish, swissgerm
an, tamil, telugu, turkish, turkmen, ukenglish, ukrainian, uppersorbian, usengl
ishmax, welsh, loaded.
("C:\Local TeX Files\tex\latex\misc\BUB.cls"
Document Class: BUB 19/12/2014 Version 1.1 by Dr.Salim CEYHAN
("C:\Program Files\MiKTeX 2.9\tex\latex\base\article.cls"
Document Class: article 2007/10/19 v1.4h Standard LaTeX document class
("C:\Program Files\MiKTeX 2.9\tex\latex\base\size12.clo"
File: size12.clo 2007/10/19 v1.4h Standard LaTeX file (size option)
)
\c@part=\count79
\c@section=\count80
\c@subsection=\count81
\c@subsubsection=\count82
\c@paragraph=\count83
\c@subparagraph=\count84
\c@figure=\count85
\c@table=\count86
\abovecaptionskip=\skip41
\belowcaptionskip=\skip42
\bibindent=\dimen102
)
("C:\Program Files\MiKTeX 2.9\tex\generic\babel\babel.sty"
Package: babel 2008/07/08 v3.8m The Babel package

*************************************
* Local config file bblopts.cfg used
*
("C:\Program Files\MiKTeX 2.9\tex\latex\00miktex\bblopts.cfg"
File: bblopts.cfg 2006/07/31 v1.0 MiKTeX 'babel' configuration
)
("C:\Program Files\MiKTeX 2.9\tex\generic\babel\turkish.ldf"
Language: turkish 2005/03/31 v1.2m Turkish support from the babel system

("C:\Program Files\MiKTeX 2.9\tex\generic\babel\babel.def"
File: babel.def 2008/07/08 v3.8m Babel common definitions
\babel@savecnt=\count87
\U@D=\dimen103
)
Package babel Info: Making : an active character on input line 86.
Package babel Info: Making ! an active character on input line 87.
Package babel Info: Making = an active character on input line 88.
))
("C:\Program Files\MiKTeX 2.9\tex\latex\base\inputenc.sty"
Package: inputenc 2008/03/30 v1.1d Input encoding file
\inpenc@prehook=\toks14
\inpenc@posthook=\toks15

("C:\Program Files\MiKTeX 2.9\tex\latex\base\latin5.def"
File: latin5.def 2008/03/30 v1.1d Input encoding file
))
("C:\Program Files\MiKTeX 2.9\tex\latex\base\fontenc.sty"
Package: fontenc 2005/09/27 v1.99g Standard LaTeX package

("C:\Program Files\MiKTeX 2.9\tex\latex\base\t1enc.def"
File: t1enc.def 2005/09/27 v1.99g Standard LaTeX file
LaTeX Font Info:    Redeclaring font encoding T1 on input line 43.
))
("C:\Program Files\MiKTeX 2.9\tex\latex\psnfss\times.sty"
Package: times 2005/04/12 PSNFSS-v9.2a (SPQR) 
)
("C:\Users\FIRAT UÇAR\Desktop\miktex\tex\latex\pgf\frontendlayer\tikz.sty"
("C:\Users\FIRAT UÇAR\Desktop\miktex\tex\latex\pgf\basiclayer\pgf.sty"
("C:\Users\FIRAT UÇAR\Desktop\miktex\tex\latex\pgf\utilities\pgfrcs.sty"
("C:\Users\FIRAT UÇAR\Desktop\miktex\tex\generic\pgf\utilities\pgfutil-common.
tex"
\pgfutil@everybye=\toks16
\pgfutil@tempdima=\dimen104
\pgfutil@tempdimb=\dimen105

("C:\Users\FIRAT UÇAR\Desktop\miktex\tex\generic\pgf\utilities\pgfutil-common-
lists.tex"))
("C:\Users\FIRAT UÇAR\Desktop\miktex\tex\generic\pgf\utilities\pgfutil-latex.d
ef"
\pgfutil@abb=\box26
 ("C:\Users\FIRAT UÇAR\Desktop\miktex\tex\latex\ms\everyshi.sty"
Package: everyshi 2001/05/15 v3.00 EveryShipout Package (MS)
))
("C:\Users\FIRAT UÇAR\Desktop\miktex\tex\generic\pgf\utilities\pgfrcs.code.tex
"
Package: pgfrcs 2015/08/07 v3.0.1a (rcs-revision 1.31)
))
Package: pgf 2015/08/07 v3.0.1a (rcs-revision 1.15)
 ("C:\Users\FIRAT UÇAR\Desktop\miktex\tex\latex\pgf\basiclayer\pgfcore.sty" ("
C:\Program Files\MiKTeX 2.9\tex\latex\graphics\graphicx.sty"
Package: graphicx 1999/02/16 v1.0f Enhanced LaTeX Graphics (DPC,SPQR)

("C:\Program Files\MiKTeX 2.9\tex\latex\graphics\keyval.sty"
Package: keyval 1999/03/16 v1.13 key=value parser (DPC)
\KV@toks@=\toks17
)
("C:\Program Files\MiKTeX 2.9\tex\latex\graphics\graphics.sty"
Package: graphics 2009/02/05 v1.0o Standard LaTeX Graphics (DPC,SPQR)

("C:\Program Files\MiKTeX 2.9\tex\latex\graphics\trig.sty"
Package: trig 1999/03/16 v1.09 sin cos tan (DPC)
)
("C:\Program Files\MiKTeX 2.9\tex\latex\00miktex\graphics.cfg"
File: graphics.cfg 2007/01/18 v1.5 graphics configuration of teTeX/TeXLive
)
Package graphics Info: Driver file: pdftex.def on input line 91.

("C:\Program Files\MiKTeX 2.9\tex\latex\pdftex-def\pdftex.def"
File: pdftex.def 2011/05/27 v0.06d Graphics/color for pdfTeX

("C:\Program Files\MiKTeX 2.9\tex\generic\oberdiek\infwarerr.sty"
Package: infwarerr 2010/04/08 v1.3 Providing info/warning/error messages (HO)
)
("C:\Program Files\MiKTeX 2.9\tex\generic\oberdiek\ltxcmds.sty"
Package: ltxcmds 2011/11/09 v1.22 LaTeX kernel commands for general use (HO)
)
\Gread@gobject=\count88
))
\Gin@req@height=\dimen106
\Gin@req@width=\dimen107
)
("C:\Users\FIRAT UÇAR\Desktop\miktex\tex\latex\pgf\systemlayer\pgfsys.sty"
("C:\Users\FIRAT UÇAR\Desktop\miktex\tex\generic\pgf\systemlayer\pgfsys.code.t
ex"
Package: pgfsys 2014/07/09 v3.0.1a (rcs-revision 1.48)

("C:\Users\FIRAT UÇAR\Desktop\miktex\tex\generic\pgf\utilities\pgfkeys.code.te
x"
\pgfkeys@pathtoks=\toks18
\pgfkeys@temptoks=\toks19

("C:\Users\FIRAT UÇAR\Desktop\miktex\tex\generic\pgf\utilities\pgfkeysfiltered
.code.tex"
\pgfkeys@tmptoks=\toks20
))
\pgf@x=\dimen108
\pgf@y=\dimen109
\pgf@xa=\dimen110
\pgf@ya=\dimen111
\pgf@xb=\dimen112
\pgf@yb=\dimen113
\pgf@xc=\dimen114
\pgf@yc=\dimen115
\w@pgf@writea=\write3
\r@pgf@reada=\read1
\c@pgf@counta=\count89
\c@pgf@countb=\count90
\c@pgf@countc=\count91
\c@pgf@countd=\count92
\t@pgf@toka=\toks21
\t@pgf@tokb=\toks22
\t@pgf@tokc=\toks23

("C:\Users\FIRAT UÇAR\Desktop\miktex\tex\generic\pgf\systemlayer\pgf.cfg"
File: pgf.cfg 2008/05/14  (rcs-revision 1.7)
)
Driver file for pgf: pgfsys-pdftex.def

("C:\Users\FIRAT UÇAR\Desktop\miktex\tex\generic\pgf\systemlayer\pgfsys-pdftex
.def"
File: pgfsys-pdftex.def 2014/10/11  (rcs-revision 1.35)

("C:\Users\FIRAT UÇAR\Desktop\miktex\tex\generic\pgf\systemlayer\pgfsys-common
-pdf.def"
File: pgfsys-common-pdf.def 2013/10/10  (rcs-revision 1.13)
)))
("C:\Users\FIRAT UÇAR\Desktop\miktex\tex\generic\pgf\systemlayer\pgfsyssoftpat
h.code.tex"
File: pgfsyssoftpath.code.tex 2013/09/09  (rcs-revision 1.9)
\pgfsyssoftpath@smallbuffer@items=\count93
\pgfsyssoftpath@bigbuffer@items=\count94
)
("C:\Users\FIRAT UÇAR\Desktop\miktex\tex\generic\pgf\systemlayer\pgfsysprotoco
l.code.tex"
File: pgfsysprotocol.code.tex 2006/10/16  (rcs-revision 1.4)
)) ("C:\Users\FIRAT UÇAR\Desktop\miktex\tex\latex\xcolor\xcolor.sty"
Package: xcolor 2016/05/11 v2.12 LaTeX color extensions (UK)
 ("C:\Program Files\MiKTeX 2.9\tex\latex\00miktex\color.cfg"
File: color.cfg 2007/01/18 v1.5 color configuration of teTeX/TeXLive
)
Package xcolor Info: Driver file: pdftex.def on input line 225.
Package xcolor Info: Model `cmy' substituted by `cmy0' on input line 1348.
Package xcolor Info: Model `hsb' substituted by `rgb' on input line 1352.
Package xcolor Info: Model `RGB' extended on input line 1364.
Package xcolor Info: Model `HTML' substituted by `rgb' on input line 1366.
Package xcolor Info: Model `Hsb' substituted by `hsb' on input line 1367.
Package xcolor Info: Model `tHsb' substituted by `hsb' on input line 1368.
Package xcolor Info: Model `HSB' substituted by `hsb' on input line 1369.
Package xcolor Info: Model `Gray' substituted by `gray' on input line 1370.
Package xcolor Info: Model `wave' substituted by `hsb' on input line 1371.
)
("C:\Users\FIRAT UÇAR\Desktop\miktex\tex\generic\pgf\basiclayer\pgfcore.code.t
ex"
Package: pgfcore 2010/04/11 v3.0.1a (rcs-revision 1.7)
 ("C:\Users\FIRAT UÇAR\Desktop\miktex\tex\generic\pgf\math\pgfmath.code.tex"
("C:\Users\FIRAT UÇAR\Desktop\miktex\tex\generic\pgf\math\pgfmathcalc.code.tex
"
("C:\Users\FIRAT UÇAR\Desktop\miktex\tex\generic\pgf\math\pgfmathutil.code.tex
")
("C:\Users\FIRAT UÇAR\Desktop\miktex\tex\generic\pgf\math\pgfmathparser.code.t
ex"
\pgfmath@dimen=\dimen116
\pgfmath@count=\count95
\pgfmath@box=\box27
\pgfmath@toks=\toks24
\pgfmath@stack@operand=\toks25
\pgfmath@stack@operation=\toks26
)
("C:\Users\FIRAT UÇAR\Desktop\miktex\tex\generic\pgf\math\pgfmathfunctions.cod
e.tex"
("C:\Users\FIRAT UÇAR\Desktop\miktex\tex\generic\pgf\math\pgfmathfunctions.bas
ic.code.tex")
("C:\Users\FIRAT UÇAR\Desktop\miktex\tex\generic\pgf\math\pgfmathfunctions.tri
gonometric.code.tex")
("C:\Users\FIRAT UÇAR\Desktop\miktex\tex\generic\pgf\math\pgfmathfunctions.ran
dom.code.tex")
("C:\Users\FIRAT UÇAR\Desktop\miktex\tex\generic\pgf\math\pgfmathfunctions.com
parison.code.tex")
("C:\Users\FIRAT UÇAR\Desktop\miktex\tex\generic\pgf\math\pgfmathfunctions.bas
e.code.tex")
("C:\Users\FIRAT UÇAR\Desktop\miktex\tex\generic\pgf\math\pgfmathfunctions.rou
nd.code.tex")
("C:\Users\FIRAT UÇAR\Desktop\miktex\tex\generic\pgf\math\pgfmathfunctions.mis
c.code.tex")
("C:\Users\FIRAT UÇAR\Desktop\miktex\tex\generic\pgf\math\pgfmathfunctions.int
egerarithmetics.code.tex")))
("C:\Users\FIRAT UÇAR\Desktop\miktex\tex\generic\pgf\math\pgfmathfloat.code.te
x"
\c@pgfmathroundto@lastzeros=\count96
))
("C:\Users\FIRAT UÇAR\Desktop\miktex\tex\generic\pgf\basiclayer\pgfcorepoints.
code.tex"
File: pgfcorepoints.code.tex 2013/10/07  (rcs-revision 1.27)
\pgf@picminx=\dimen117
\pgf@picmaxx=\dimen118
\pgf@picminy=\dimen119
\pgf@picmaxy=\dimen120
\pgf@pathminx=\dimen121
\pgf@pathmaxx=\dimen122
\pgf@pathminy=\dimen123
\pgf@pathmaxy=\dimen124
\pgf@xx=\dimen125
\pgf@xy=\dimen126
\pgf@yx=\dimen127
\pgf@yy=\dimen128
\pgf@zx=\dimen129
\pgf@zy=\dimen130
)
("C:\Users\FIRAT UÇAR\Desktop\miktex\tex\generic\pgf\basiclayer\pgfcorepathcon
struct.code.tex"
File: pgfcorepathconstruct.code.tex 2013/10/07  (rcs-revision 1.29)
\pgf@path@lastx=\dimen131
\pgf@path@lasty=\dimen132
)
("C:\Users\FIRAT UÇAR\Desktop\miktex\tex\generic\pgf\basiclayer\pgfcorepathusa
ge.code.tex"
File: pgfcorepathusage.code.tex 2014/11/02  (rcs-revision 1.24)
\pgf@shorten@end@additional=\dimen133
\pgf@shorten@start@additional=\dimen134
)
("C:\Users\FIRAT UÇAR\Desktop\miktex\tex\generic\pgf\basiclayer\pgfcorescopes.
code.tex"
File: pgfcorescopes.code.tex 2015/05/08  (rcs-revision 1.46)
\pgfpic=\box28
\pgf@hbox=\box29
\pgf@layerbox@main=\box30
\pgf@picture@serial@count=\count97
)
("C:\Users\FIRAT UÇAR\Desktop\miktex\tex\generic\pgf\basiclayer\pgfcoregraphic
state.code.tex"
File: pgfcoregraphicstate.code.tex 2014/11/02  (rcs-revision 1.12)
\pgflinewidth=\dimen135
)
("C:\Users\FIRAT UÇAR\Desktop\miktex\tex\generic\pgf\basiclayer\pgfcoretransfo
rmations.code.tex"
File: pgfcoretransformations.code.tex 2015/08/07  (rcs-revision 1.20)
\pgf@pt@x=\dimen136
\pgf@pt@y=\dimen137
\pgf@pt@temp=\dimen138
)
("C:\Users\FIRAT UÇAR\Desktop\miktex\tex\generic\pgf\basiclayer\pgfcorequick.c
ode.tex"
File: pgfcorequick.code.tex 2008/10/09  (rcs-revision 1.3)
)
("C:\Users\FIRAT UÇAR\Desktop\miktex\tex\generic\pgf\basiclayer\pgfcoreobjects
.code.tex"
File: pgfcoreobjects.code.tex 2006/10/11  (rcs-revision 1.2)
)
("C:\Users\FIRAT UÇAR\Desktop\miktex\tex\generic\pgf\basiclayer\pgfcorepathpro
cessing.code.tex"
File: pgfcorepathprocessing.code.tex 2013/09/09  (rcs-revision 1.9)
)
("C:\Users\FIRAT UÇAR\Desktop\miktex\tex\generic\pgf\basiclayer\pgfcorearrows.
code.tex"
File: pgfcorearrows.code.tex 2015/05/14  (rcs-revision 1.43)
\pgfarrowsep=\dimen139
)
("C:\Users\FIRAT UÇAR\Desktop\miktex\tex\generic\pgf\basiclayer\pgfcoreshade.c
ode.tex"
File: pgfcoreshade.code.tex 2013/07/15  (rcs-revision 1.15)
\pgf@max=\dimen140
\pgf@sys@shading@range@num=\count98
)
("C:\Users\FIRAT UÇAR\Desktop\miktex\tex\generic\pgf\basiclayer\pgfcoreimage.c
ode.tex"
File: pgfcoreimage.code.tex 2013/07/15  (rcs-revision 1.18)

("C:\Users\FIRAT UÇAR\Desktop\miktex\tex\generic\pgf\basiclayer\pgfcoreexterna
l.code.tex"
File: pgfcoreexternal.code.tex 2014/07/09  (rcs-revision 1.21)
\pgfexternal@startupbox=\box31
))
("C:\Users\FIRAT UÇAR\Desktop\miktex\tex\generic\pgf\basiclayer\pgfcorelayers.
code.tex"
File: pgfcorelayers.code.tex 2013/07/18  (rcs-revision 1.7)
)
("C:\Users\FIRAT UÇAR\Desktop\miktex\tex\generic\pgf\basiclayer\pgfcoretranspa
rency.code.tex"
File: pgfcoretransparency.code.tex 2013/09/30  (rcs-revision 1.5)
)
("C:\Users\FIRAT UÇAR\Desktop\miktex\tex\generic\pgf\basiclayer\pgfcorepattern
s.code.tex"
File: pgfcorepatterns.code.tex 2013/11/07  (rcs-revision 1.5)
)))
("C:\Users\FIRAT UÇAR\Desktop\miktex\tex\generic\pgf\modules\pgfmoduleshapes.c
ode.tex"
File: pgfmoduleshapes.code.tex 2014/03/21  (rcs-revision 1.35)
\pgfnodeparttextbox=\box32
)
("C:\Users\FIRAT UÇAR\Desktop\miktex\tex\generic\pgf\modules\pgfmoduleplot.cod
e.tex"
File: pgfmoduleplot.code.tex 2015/08/03  (rcs-revision 1.13)
)
("C:\Users\FIRAT UÇAR\Desktop\miktex\tex\latex\pgf\compatibility\pgfcomp-versi
on-0-65.sty"
Package: pgfcomp-version-0-65 2007/07/03 v3.0.1a (rcs-revision 1.7)
\pgf@nodesepstart=\dimen141
\pgf@nodesepend=\dimen142
)
("C:\Users\FIRAT UÇAR\Desktop\miktex\tex\latex\pgf\compatibility\pgfcomp-versi
on-1-18.sty"
Package: pgfcomp-version-1-18 2007/07/23 v3.0.1a (rcs-revision 1.1)
))
("C:\Users\FIRAT UÇAR\Desktop\miktex\tex\latex\pgf\utilities\pgffor.sty"
("C:\Users\FIRAT UÇAR\Desktop\miktex\tex\latex\pgf\utilities\pgfkeys.sty"
("C:\Users\FIRAT UÇAR\Desktop\miktex\tex\generic\pgf\utilities\pgfkeys.code.te
x")) ("C:\Users\FIRAT UÇAR\Desktop\miktex\tex\latex\pgf\math\pgfmath.sty"
("C:\Users\FIRAT UÇAR\Desktop\miktex\tex\generic\pgf\math\pgfmath.code.tex"))
("C:\Users\FIRAT UÇAR\Desktop\miktex\tex\generic\pgf\utilities\pgffor.code.tex
"
Package: pgffor 2013/12/13 v3.0.1a (rcs-revision 1.25)
 ("C:\Users\FIRAT UÇAR\Desktop\miktex\tex\generic\pgf\math\pgfmath.code.tex")
\pgffor@iter=\dimen143
\pgffor@skip=\dimen144
\pgffor@stack=\toks27
\pgffor@toks=\toks28
))
("C:\Users\FIRAT UÇAR\Desktop\miktex\tex\generic\pgf\frontendlayer\tikz\tikz.c
ode.tex"
Package: tikz 2015/08/07 v3.0.1a (rcs-revision 1.151)

("C:\Users\FIRAT UÇAR\Desktop\miktex\tex\generic\pgf\libraries\pgflibraryploth
andlers.code.tex"
File: pgflibraryplothandlers.code.tex 2013/08/31 v3.0.1a (rcs-revision 1.20)
\pgf@plot@mark@count=\count99
\pgfplotmarksize=\dimen145
)
\tikz@lastx=\dimen146
\tikz@lasty=\dimen147
\tikz@lastxsaved=\dimen148
\tikz@lastysaved=\dimen149
\tikzleveldistance=\dimen150
\tikzsiblingdistance=\dimen151
\tikz@figbox=\box33
\tikz@figbox@bg=\box34
\tikz@tempbox=\box35
\tikz@tempbox@bg=\box36
\tikztreelevel=\count100
\tikznumberofchildren=\count101
\tikznumberofcurrentchild=\count102
\tikz@fig@count=\count103

("C:\Users\FIRAT UÇAR\Desktop\miktex\tex\generic\pgf\modules\pgfmodulematrix.c
ode.tex"
File: pgfmodulematrix.code.tex 2013/09/17  (rcs-revision 1.8)
\pgfmatrixcurrentrow=\count104
\pgfmatrixcurrentcolumn=\count105
\pgf@matrix@numberofcolumns=\count106
)
\tikz@expandcount=\count107

("C:\Users\FIRAT UÇAR\Desktop\miktex\tex\generic\pgf\frontendlayer\tikz\librar
ies\tikzlibrarytopaths.code.tex"
File: tikzlibrarytopaths.code.tex 2008/06/17 v3.0.1a (rcs-revision 1.2)
)))
("C:\Users\FIRAT UÇAR\Desktop\miktex\tex\generic\pgf\frontendlayer\tikz\librar
ies\tikzlibrarymindmap.code.tex"
File: tikzlibrarymindmap.code.tex 2013/07/16 v3.0.1a (rcs-revision 1.10)

("C:\Users\FIRAT UÇAR\Desktop\miktex\tex\generic\pgf\frontendlayer\tikz\librar
ies\tikzlibrarytrees.code.tex"
File: tikzlibrarytrees.code.tex 2008/02/24 v3.0.1a (rcs-revision 1.2)
)
("C:\Users\FIRAT UÇAR\Desktop\miktex\tex\generic\pgf\frontendlayer\tikz\librar
ies\tikzlibrarydecorations.code.tex"
("C:\Users\FIRAT UÇAR\Desktop\miktex\tex\generic\pgf\modules\pgfmoduledecorati
ons.code.tex"
\pgfdecoratedcompleteddistance=\dimen152
\pgfdecoratedremainingdistance=\dimen153
\pgfdecoratedinputsegmentcompleteddistance=\dimen154
\pgfdecoratedinputsegmentremainingdistance=\dimen155
\pgf@decorate@distancetomove=\dimen156
\pgf@decorate@repeatstate=\count108
\pgfdecorationsegmentamplitude=\dimen157
\pgfdecorationsegmentlength=\dimen158
)
\tikz@lib@dec@box=\box37
)) ("C:\Program Files\MiKTeX 2.9\tex\latex\geometry\geometry.sty"
Package: geometry 2010/09/12 v5.6 Page Geometry
("C:\Program Files\MiKTeX 2.9\tex\generic\oberdiek\ifpdf.sty"
Package: ifpdf 2011/01/30 v2.3 Provides the ifpdf switch (HO)
Package ifpdf Info: pdfTeX in PDF mode is detected.
)
("C:\Program Files\MiKTeX 2.9\tex\generic\oberdiek\ifvtex.sty"
Package: ifvtex 2010/03/01 v1.5 Detect VTeX and its facilities (HO)
Package ifvtex Info: VTeX not detected.
)
("C:\Program Files\MiKTeX 2.9\tex\generic\ifxetex\ifxetex.sty"
Package: ifxetex 2010/09/12 v0.6 Provides ifxetex conditional
)
\Gm@cnth=\count109
\Gm@cntv=\count110
\c@Gm@tempcnt=\count111
\Gm@bindingoffset=\dimen159
\Gm@wd@mp=\dimen160
\Gm@odd@mp=\dimen161
\Gm@even@mp=\dimen162
\Gm@layoutwidth=\dimen163
\Gm@layoutheight=\dimen164
\Gm@layouthoffset=\dimen165
\Gm@layoutvoffset=\dimen166
\Gm@dimlist=\toks29

("C:\Program Files\MiKTeX 2.9\tex\latex\geometry\geometry.cfg"))
("C:\Program Files\MiKTeX 2.9\tex\latex\amsfonts\amssymb.sty"
Package: amssymb 2013/01/14 v3.01 AMS font symbols

("C:\Program Files\MiKTeX 2.9\tex\latex\amsfonts\amsfonts.sty"
Package: amsfonts 2013/01/14 v3.01 Basic AMSFonts support
\@emptytoks=\toks30
\symAMSa=\mathgroup4
\symAMSb=\mathgroup5
LaTeX Font Info:    Overwriting math alphabet `\mathfrak' in version `bold'
(Font)                  U/euf/m/n --> U/euf/b/n on input line 106.
))
("C:\Program Files\MiKTeX 2.9\tex\latex\amsmath\amsmath.sty"
Package: amsmath 2013/01/14 v2.14 AMS math features
\@mathmargin=\skip43

For additional information on amsmath, use the `?' option.
("C:\Program Files\MiKTeX 2.9\tex\latex\amsmath\amstext.sty"
Package: amstext 2000/06/29 v2.01

("C:\Program Files\MiKTeX 2.9\tex\latex\amsmath\amsgen.sty"
File: amsgen.sty 1999/11/30 v2.0
\@emptytoks=\toks31
\ex@=\dimen167
))
("C:\Program Files\MiKTeX 2.9\tex\latex\amsmath\amsbsy.sty"
Package: amsbsy 1999/11/29 v1.2d
\pmbraise@=\dimen168
)
("C:\Program Files\MiKTeX 2.9\tex\latex\amsmath\amsopn.sty"
Package: amsopn 1999/12/14 v2.01 operator names
)
\inf@bad=\count112
LaTeX Info: Redefining \frac on input line 210.
\uproot@=\count113
\leftroot@=\count114
LaTeX Info: Redefining \overline on input line 306.
\classnum@=\count115
\DOTSCASE@=\count116
LaTeX Info: Redefining \ldots on input line 378.
LaTeX Info: Redefining \dots on input line 381.
LaTeX Info: Redefining \cdots on input line 466.
\Mathstrutbox@=\box38
\strutbox@=\box39
\big@size=\dimen169
LaTeX Font Info:    Redeclaring font encoding OML on input line 566.
LaTeX Font Info:    Redeclaring font encoding OMS on input line 567.
\macc@depth=\count117
\c@MaxMatrixCols=\count118
\dotsspace@=\muskip10
\c@parentequation=\count119
\dspbrk@lvl=\count120
\tag@help=\toks32
\row@=\count121
\column@=\count122
\maxfields@=\count123
\andhelp@=\toks33
\eqnshift@=\dimen170
\alignsep@=\dimen171
\tagshift@=\dimen172
\tagwidth@=\dimen173
\totwidth@=\dimen174
\lineht@=\dimen175
\@envbody=\toks34
\multlinegap=\skip44
\multlinetaggap=\skip45
\mathdisplay@stack=\toks35
LaTeX Info: Redefining \[ on input line 2665.
LaTeX Info: Redefining \] on input line 2666.
)
("C:\Program Files\MiKTeX 2.9\tex\latex\amscls\amsthm.sty"
Package: amsthm 2004/08/06 v2.20
\thm@style=\toks36
\thm@bodyfont=\toks37
\thm@headfont=\toks38
\thm@notefont=\toks39
\thm@headpunct=\toks40
\thm@preskip=\skip46
\thm@postskip=\skip47
\thm@headsep=\skip48
\dth@everypar=\toks41
)
("C:\Program Files\MiKTeX 2.9\tex\latex\float\float.sty"
Package: float 2001/11/08 v1.3d Float enhancements (AL)
\c@float@type=\count124
\float@exts=\toks42
\float@box=\box40
\@float@everytoks=\toks43
\@floatcapt=\box41
)
("C:\Users\FIRAT UÇAR\Desktop\miktex\tex\latex\caption\caption.sty"
Package: caption 2016/02/21 v3.3-144 Customizing captions (AR)

("C:\Users\FIRAT UÇAR\Desktop\miktex\tex\latex\caption\caption3.sty"
Package: caption3 2016/05/22 v1.7-166 caption3 kernel (AR)
Package caption3 Info: TeX engine: e-TeX on input line 67.
\captionmargin=\dimen176
\captionmargin@=\dimen177
\captionwidth=\dimen178
\caption@tempdima=\dimen179
\caption@indent=\dimen180
\caption@parindent=\dimen181
\caption@hangindent=\dimen182
)
\c@ContinuedFloat=\count125
Package caption Info: float package is loaded.
)
("C:\Users\FIRAT UÇAR\Desktop\miktex\tex\latex\tocloft\tocloft.sty"
Package: tocloft 2017/08/31 v2.3i parameterised ToC, etc., typesetting
Package tocloft Info: The document has section divisions on input line 51.
\cftparskip=\skip49
\cftbeforetoctitleskip=\skip50
\cftaftertoctitleskip=\skip51
\cftbeforepartskip=\skip52
\cftpartnumwidth=\skip53
\cftpartindent=\skip54
\cftbeforesecskip=\skip55
\cftsecindent=\skip56
\cftsecnumwidth=\skip57
\cftbeforesubsecskip=\skip58
\cftsubsecindent=\skip59
\cftsubsecnumwidth=\skip60
\cftbeforesubsubsecskip=\skip61
\cftsubsubsecindent=\skip62
\cftsubsubsecnumwidth=\skip63
\cftbeforeparaskip=\skip64
\cftparaindent=\skip65
\cftparanumwidth=\skip66
\cftbeforesubparaskip=\skip67
\cftsubparaindent=\skip68
\cftsubparanumwidth=\skip69
\cftbeforeloftitleskip=\skip70
\cftafterloftitleskip=\skip71
\cftbeforefigskip=\skip72
\cftfigindent=\skip73
\cftfignumwidth=\skip74
\c@lofdepth=\count126
\c@lotdepth=\count127
\cftbeforelottitleskip=\skip75
\cftafterlottitleskip=\skip76
\cftbeforetabskip=\skip77
\cfttabindent=\skip78
\cfttabnumwidth=\skip79
)
("C:\Users\FIRAT UÇAR\Desktop\miktex\tex\latex\cite\cite.sty"
LaTeX Info: Redefining \cite on input line 302.
LaTeX Info: Redefining \nocite on input line 332.
Package: cite 2015/02/27  v 5.5
)
("C:\Users\FIRAT UÇAR\Desktop\miktex\tex\latex\datetime\datetime.sty"
Package: datetime 2015/03/20 v2.60 Date Time Package

("C:\Users\FIRAT UÇAR\Desktop\miktex\tex\latex\etoolbox\etoolbox.sty"
Package: etoolbox 2017/11/22 v2.5 e-TeX tools for LaTeX (JAW)

("C:\Program Files\MiKTeX 2.9\tex\latex\misc\etex.sty"
Package: etex 1998/03/26 v2.0 eTeX basic definition package (PEB)
\et@xins=\count128
)
\etb@tempcnta=\count129
)
("C:\Users\FIRAT UÇAR\Desktop\miktex\tex\latex\fmtcount\fmtcount.sty"
Package: fmtcount 2017/09/16 v3.04

("C:\Program Files\MiKTeX 2.9\tex\latex\base\ifthen.sty"
Package: ifthen 2001/05/26 v1.1c Standard LaTeX ifthen package (DPC)
)
("C:\Program Files\MiKTeX 2.9\tex\latex\xkeyval\xkeyval.sty"
Package: xkeyval 2012/10/14 v2.6b package option processing (HA)

("C:\Program Files\MiKTeX 2.9\tex\generic\xkeyval\xkeyval.tex"
\XKV@toks=\toks44
\XKV@tempa@toks=\toks45
\XKV@depth=\count130
File: xkeyval.tex 2012/10/14 v2.6b key=value parser (HA)
))
("C:\Users\FIRAT UÇAR\Desktop\miktex\tex\latex\fmtcount\fcprefix.sty"
Package: fcprefix 2012/09/28

("C:\Users\FIRAT UÇAR\Desktop\miktex\tex\latex\fmtcount\fcnumparser.sty"
Package: fcnumparser 2017/06/15
\fc@digit@counter=\count131
))
\c@padzeroesN=\count132
\fc@tmpcatcode=\count133
\@DT@modctr=\count134
\@ordinalctr=\count135
\@orgargctr=\count136
\@strctr=\count137
\@tmpstrctr=\count138
\@DT@loopN=\count139
\@DT@X=\count140
)
("C:\Users\FIRAT UÇAR\Desktop\miktex\tex\latex\datetime\datetime-defaults.sty"
Package: datetime-defaults 2013/09/10
)
\@day=\count141
\@month=\count142
\@year=\count143
\c@HOUR=\count144
\c@HOURXII=\count145
\c@MINUTE=\count146
\c@TOHOUR=\count147
\c@TOMINUTE=\count148
\c@SECOND=\count149
\currenthour=\count150
\currentminute=\count151
\currentsecond=\count152
Package datetime Info: No datetime.cfg file found, using default settings on in
put line 308.
\@dtctr=\count153
\dayofyear=\count154
\dayofweek=\count155
LaTeX Info: Redefining \today on input line 736.
 ("C:\Users\FIRAT UÇAR\Desktop\miktex\tex\latex\datetime\dt-turkish.def"
File: dt-turkish.def 2013/09/10
LaTeX Info: Redefining \dateturkish on input line 63.
)
\dt@a=\toks46
\dt@b=\toks47
)
("C:\Program Files\MiKTeX 2.9\tex\latex\multirow\multirow.sty"
\bigstrutjot=\dimen183
)
("C:\Users\FIRAT UÇAR\Desktop\miktex\tex\latex\setspace\setspace.sty"
Package: setspace 2011/12/19 v6.7a set line spacing
)
("C:\Program Files\MiKTeX 2.9\tex\latex\tools\indentfirst.sty"
Package: indentfirst 1995/11/23 v1.03 Indent first paragraph (DPC)
)
("C:\Program Files\MiKTeX 2.9\tex\latex\ltxmisc\parskip.sty"
Package: parskip 2001/04/09 non-zero parskip adjustments


LaTeX Warning: Command \@starttoc  has changed.
               Check if current package is valid.

) ("C:\Users\FIRAT UÇAR\Desktop\miktex\tex\latex\eso-pic\eso-pic.sty"
Package: eso-pic 2015/07/21 v2.0g eso-pic (RN)

("C:\Program Files\MiKTeX 2.9\tex\generic\oberdiek\atbegshi.sty"
Package: atbegshi 2011/10/05 v1.16 At begin shipout hook (HO)
))
("C:\Users\FIRAT UÇAR\Desktop\miktex\tex\latex\totpages\totpages.sty"
Package: totpages 2005/09/19 v2.00 Totpages Package (muewi)
)
("C:\Program Files\MiKTeX 2.9\tex\latex\tools\verbatim.sty"
Package: verbatim 2003/08/22 v1.5q LaTeX2e package for verbatim enhancements
\every@verbatim=\toks48
\verbatim@line=\toks49
\verbatim@in@stream=\read2
))
("C:\Program Files\MiKTeX 2.9\tex\latex\hyperref\hyperref.sty"
Package: hyperref 2012/11/06 v6.83m Hypertext links for LaTeX

("C:\Program Files\MiKTeX 2.9\tex\generic\oberdiek\hobsub-hyperref.sty"
Package: hobsub-hyperref 2012/04/25 v1.12 Bundle oberdiek, subset hyperref (HO)


("C:\Program Files\MiKTeX 2.9\tex\generic\oberdiek\hobsub-generic.sty"
Package: hobsub-generic 2012/04/25 v1.12 Bundle oberdiek, subset generic (HO)
Package: hobsub 2012/04/25 v1.12 Construct package bundles (HO)
Package hobsub Info: Skipping package `infwarerr' (already loaded).
Package hobsub Info: Skipping package `ltxcmds' (already loaded).
Package: ifluatex 2010/03/01 v1.3 Provides the ifluatex switch (HO)
Package ifluatex Info: LuaTeX not detected.
Package hobsub Info: Skipping package `ifvtex' (already loaded).
Package: intcalc 2007/09/27 v1.1 Expandable calculations with integers (HO)
Package hobsub Info: Skipping package `ifpdf' (already loaded).
Package: etexcmds 2011/02/16 v1.5 Avoid name clashes with e-TeX commands (HO)
Package etexcmds Info: Could not find \expanded.
(etexcmds)             That can mean that you are not using pdfTeX 1.50 or
(etexcmds)             that some package has redefined \expanded.
(etexcmds)             In the latter case, load this package earlier.
Package: kvsetkeys 2012/04/25 v1.16 Key value parser (HO)
Package: kvdefinekeys 2011/04/07 v1.3 Define keys (HO)
Package: pdftexcmds 2011/11/29 v0.20 Utility functions of pdfTeX for LuaTeX (HO
)
Package pdftexcmds Info: LuaTeX not detected.
Package pdftexcmds Info: \pdf@primitive is available.
Package pdftexcmds Info: \pdf@ifprimitive is available.
Package pdftexcmds Info: \pdfdraftmode found.
Package: pdfescape 2011/11/25 v1.13 Implements pdfTeX's escape features (HO)
Package: bigintcalc 2012/04/08 v1.3 Expandable calculations on big integers (HO
)
Package: bitset 2011/01/30 v1.1 Handle bit-vector datatype (HO)
Package: uniquecounter 2011/01/30 v1.2 Provide unlimited unique counter (HO)
)
Package hobsub Info: Skipping package `hobsub' (already loaded).
Package: letltxmacro 2010/09/02 v1.4 Let assignment for LaTeX macros (HO)
Package: hopatch 2011/06/24 v1.1 Wrapper for package hooks (HO)
Package: xcolor-patch 2011/01/30 xcolor patch
Package: atveryend 2011/06/30 v1.8 Hooks at the very end of document (HO)
Package hobsub Info: Skipping package `atbegshi' (already loaded).
Package: refcount 2011/10/16 v3.4 Data extraction from label references (HO)
Package: hycolor 2011/01/30 v1.7 Color options for hyperref/bookmark (HO)
)
("C:\Program Files\MiKTeX 2.9\tex\latex\oberdiek\auxhook.sty"
Package: auxhook 2011/03/04 v1.3 Hooks for auxiliary files (HO)
)
("C:\Program Files\MiKTeX 2.9\tex\latex\oberdiek\kvoptions.sty"
Package: kvoptions 2011/06/30 v3.11 Key value format for package options (HO)
)
\@linkdim=\dimen184
\Hy@linkcounter=\count156
\Hy@pagecounter=\count157

("C:\Program Files\MiKTeX 2.9\tex\latex\hyperref\pd1enc.def"
File: pd1enc.def 2012/11/06 v6.83m Hyperref: PDFDocEncoding definition (HO)
)
\Hy@SavedSpaceFactor=\count158

("C:\Program Files\MiKTeX 2.9\tex\latex\00miktex\hyperref.cfg"
File: hyperref.cfg 2002/06/06 v1.2 hyperref configuration of TeXLive
)
Package hyperref Info: Option `unicode' set `true' on input line 4319.

("C:\Program Files\MiKTeX 2.9\tex\latex\hyperref\puenc.def"
File: puenc.def 2012/11/06 v6.83m Hyperref: PDF Unicode definition (HO)
)
Package hyperref Info: Option `breaklinks' set `true' on input line 4319.
Package hyperref Info: Hyper figures OFF on input line 4443.
Package hyperref Info: Link nesting OFF on input line 4448.
Package hyperref Info: Hyper index ON on input line 4451.
Package hyperref Info: Plain pages OFF on input line 4458.
Package hyperref Info: Backreferencing OFF on input line 4463.
Package hyperref Info: Implicit mode ON; LaTeX internals redefined.
Package hyperref Info: Bookmarks ON on input line 4688.
\c@Hy@tempcnt=\count159

("C:\Users\FIRAT UÇAR\Desktop\miktex\tex\latex\url\url.sty"
\Urlmuskip=\muskip11
Package: url 2013/09/16  ver 3.4  Verb mode for urls, etc.
)
LaTeX Info: Redefining \url on input line 5041.
\XeTeXLinkMargin=\dimen185
\Fld@menulength=\count160
\Field@Width=\dimen186
\Fld@charsize=\dimen187
Package hyperref Info: Hyper figures OFF on input line 6295.
Package hyperref Info: Link nesting OFF on input line 6300.
Package hyperref Info: Hyper index ON on input line 6303.
Package hyperref Info: backreferencing OFF on input line 6310.
Package hyperref Info: Link coloring OFF on input line 6315.
Package hyperref Info: Link coloring with OCG OFF on input line 6320.
Package hyperref Info: PDF/A mode OFF on input line 6325.
LaTeX Info: Redefining \ref on input line 6365.
LaTeX Info: Redefining \pageref on input line 6369.
\Hy@abspage=\count161
\c@Item=\count162
\c@Hfootnote=\count163
)

Package hyperref Message: Driver: hpdftex.

("C:\Program Files\MiKTeX 2.9\tex\latex\hyperref\hpdftex.def"
File: hpdftex.def 2012/11/06 v6.83m Hyperref driver for pdfTeX
\Fld@listcount=\count164
\c@bookmark@seq@number=\count165

("C:\Program Files\MiKTeX 2.9\tex\latex\oberdiek\rerunfilecheck.sty"
Package: rerunfilecheck 2011/04/15 v1.7 Rerun checks for auxiliary files (HO)
Package uniquecounter Info: New unique counter `rerunfilecheck' on input line 2
82.
)
\Hy@SectionHShift=\skip80
)
("C:\Users\FIRAT UÇAR\Desktop\LATEX BİTİRME\BİTİRME LaTeX Şablonu\BİTİR
ME TEZİ LaTeX DOSYALARI ve BUB.cls\BM-BİTİRME LaTeX Şablonu\BUB DOSYALARI\0
BMbitirme.aux"
("C:\Users\FIRAT UÇAR\Desktop\LATEX BİTİRME\BİTİRME LaTeX Şablonu\BİTİR
ME TEZİ LaTeX DOSYALARI ve BUB.cls\BM-BİTİRME LaTeX Şablonu\BUB DOSYALARI\1
diskapak.aux")
("C:\Users\FIRAT UÇAR\Desktop\LATEX BİTİRME\BİTİRME LaTeX Şablonu\BİTİR
ME TEZİ LaTeX DOSYALARI ve BUB.cls\BM-BİTİRME LaTeX Şablonu\BUB DOSYALARI\2
ickapak.aux")
("C:\Users\FIRAT UÇAR\Desktop\LATEX BİTİRME\BİTİRME LaTeX Şablonu\BİTİR
ME TEZİ LaTeX DOSYALARI ve BUB.cls\BM-BİTİRME LaTeX Şablonu\BUB DOSYALARI\3
bildirim.aux")
("C:\Users\FIRAT UÇAR\Desktop\LATEX BİTİRME\BİTİRME LaTeX Şablonu\BİTİR
ME TEZİ LaTeX DOSYALARI ve BUB.cls\BM-BİTİRME LaTeX Şablonu\BUB DOSYALARI\4
ozetabstract.aux")
("C:\Users\FIRAT UÇAR\Desktop\LATEX BİTİRME\BİTİRME LaTeX Şablonu\BİTİR
ME TEZİ LaTeX DOSYALARI ve BUB.cls\BM-BİTİRME LaTeX Şablonu\BUB DOSYALARI\5
onsoz.aux")
("C:\Users\FIRAT UÇAR\Desktop\LATEX BİTİRME\BİTİRME LaTeX Şablonu\BİTİR
ME TEZİ LaTeX DOSYALARI ve BUB.cls\BM-BİTİRME LaTeX Şablonu\BUB DOSYALARI\6
icindekiler.aux")
("C:\Users\FIRAT UÇAR\Desktop\LATEX BİTİRME\BİTİRME LaTeX Şablonu\BİTİR
ME TEZİ LaTeX DOSYALARI ve BUB.cls\BM-BİTİRME LaTeX Şablonu\BUB DOSYALARI\7
sekiller_tablosu.aux")
("C:\Users\FIRAT UÇAR\Desktop\LATEX BİTİRME\BİTİRME LaTeX Şablonu\BİTİR
ME TEZİ LaTeX DOSYALARI ve BUB.cls\BM-BİTİRME LaTeX Şablonu\BUB DOSYALARI\9
simge_kisaltma.aux")
("C:\Users\FIRAT UÇAR\Desktop\LATEX BİTİRME\BİTİRME LaTeX Şablonu\BİTİR
ME TEZİ LaTeX DOSYALARI ve BUB.cls\BM-BİTİRME LaTeX Şablonu\BUB DOSYALARI\1
0giris.aux")
("C:\Users\FIRAT UÇAR\Desktop\LATEX BİTİRME\BİTİRME LaTeX Şablonu\BİTİR
ME TEZİ LaTeX DOSYALARI ve BUB.cls\BM-BİTİRME LaTeX Şablonu\BUB DOSYALARI\1
1bolum1.aux")
("C:\Users\FIRAT UÇAR\Desktop\LATEX BİTİRME\BİTİRME LaTeX Şablonu\BİTİR
ME TEZİ LaTeX DOSYALARI ve BUB.cls\BM-BİTİRME LaTeX Şablonu\BUB DOSYALARI\1
2bolum2.aux")
("C:\Users\FIRAT UÇAR\Desktop\LATEX BİTİRME\BİTİRME LaTeX Şablonu\BİTİR
ME TEZİ LaTeX DOSYALARI ve BUB.cls\BM-BİTİRME LaTeX Şablonu\BUB DOSYALARI\1
3materyal_yontem.aux")
("C:\Users\FIRAT UÇAR\Desktop\LATEX BİTİRME\BİTİRME LaTeX Şablonu\BİTİR
ME TEZİ LaTeX DOSYALARI ve BUB.cls\BM-BİTİRME LaTeX Şablonu\BUB DOSYALARI\1
4bulgu_tartisma.aux")
("C:\Users\FIRAT UÇAR\Desktop\LATEX BİTİRME\BİTİRME LaTeX Şablonu\BİTİR
ME TEZİ LaTeX DOSYALARI ve BUB.cls\BM-BİTİRME LaTeX Şablonu\BUB DOSYALARI\1
5sonuc_oneri.aux")
("C:\Users\FIRAT UÇAR\Desktop\LATEX BİTİRME\BİTİRME LaTeX Şablonu\BİTİR
ME TEZİ LaTeX DOSYALARI ve BUB.cls\BM-BİTİRME LaTeX Şablonu\BUB DOSYALARI\1
6ekler.aux")
("C:\Users\FIRAT UÇAR\Desktop\LATEX BİTİRME\BİTİRME LaTeX Şablonu\BİTİR
ME TEZİ LaTeX DOSYALARI ve BUB.cls\BM-BİTİRME LaTeX Şablonu\BUB DOSYALARI\1
7kaynaklar.aux")
("C:\Users\FIRAT UÇAR\Desktop\LATEX BİTİRME\BİTİRME LaTeX Şablonu\BİTİR
ME TEZİ LaTeX DOSYALARI ve BUB.cls\BM-BİTİRME LaTeX Şablonu\BUB DOSYALARI\1
8ozgecmis.aux"))
LaTeX Font Info:    Checking defaults for OML/cmm/m/it on input line 6.
LaTeX Font Info:    ... okay on input line 6.
LaTeX Font Info:    Checking defaults for T1/cmr/m/n on input line 6.
LaTeX Font Info:    ... okay on input line 6.
LaTeX Font Info:    Checking defaults for OT1/cmr/m/n on input line 6.
LaTeX Font Info:    ... okay on input line 6.
LaTeX Font Info:    Checking defaults for OMS/cmsy/m/n on input line 6.
LaTeX Font Info:    ... okay on input line 6.
LaTeX Font Info:    Checking defaults for OMX/cmex/m/n on input line 6.
LaTeX Font Info:    ... okay on input line 6.
LaTeX Font Info:    Checking defaults for U/cmr/m/n on input line 6.
LaTeX Font Info:    ... okay on input line 6.
LaTeX Font Info:    Checking defaults for PD1/pdf/m/n on input line 6.
LaTeX Font Info:    ... okay on input line 6.
LaTeX Font Info:    Checking defaults for PU/pdf/m/n on input line 6.
LaTeX Font Info:    ... okay on input line 6.
LaTeX Font Info:    Try loading font information for T1+ptm on input line 6.
 ("C:\Program Files\MiKTeX 2.9\tex\latex\psnfss\t1ptm.fd"
File: t1ptm.fd 2001/06/04 font definitions for T1/ptm.
)
ABD: EveryShipout initializing macros
("C:\Users\FIRAT UÇAR\Desktop\miktex\tex\context\base\supp-pdf.mkii"
[Loading MPS to PDF converter (version 2006.09.02).]
\scratchcounter=\count166
\scratchdimen=\dimen188
\scratchbox=\box42
\nofMPsegments=\count167
\nofMParguments=\count168
\everyMPshowfont=\toks50
\MPscratchCnt=\count169
\MPscratchDim=\dimen189
\MPnumerator=\count170
\makeMPintoPDFobject=\count171
\everyMPtoPDFconversion=\toks51
)
*geometry* driver: auto-detecting
*geometry* detected driver: pdftex
*geometry* verbose mode - [ preamble ] result:
* driver: pdftex
* paper: <default>
* layout: <same size as paper>
* layoutoffset:(h,v)=(0.0pt,0.0pt)
* modes: 
* h-part:(L,W,R)=(113.81102pt, 426.79135pt, 56.9055pt)
* v-part:(T,H,B)=(85.35826pt, 674.33032pt, 85.35826pt)
* \paperwidth=597.50787pt
* \paperheight=845.04684pt
* \textwidth=426.79135pt
* \textheight=674.33032pt
* \oddsidemargin=41.54103pt
* \evensidemargin=41.54103pt
* \topmargin=-23.91173pt
* \headheight=12.0pt
* \headsep=25.0pt
* \topskip=12.0pt
* \footskip=30.0pt
* \marginparwidth=35.0pt
* \marginparsep=10.0pt
* \columnsep=10.0pt
* \skip\footins=10.8pt plus 4.0pt minus 2.0pt
* \hoffset=0.0pt
* \voffset=0.0pt
* \mag=1000
* \@twocolumnfalse
* \@twosidefalse
* \@mparswitchfalse
* \@reversemarginfalse
* (1in=72.27pt=25.4mm, 1cm=28.453pt)

Package caption Info: Begin \AtBeginDocument code.
Package caption Info: hyperref package is loaded.
Package caption Info: End \AtBeginDocument code.
\AtBeginShipoutBox=\box43
Package hyperref Info: Link coloring OFF on input line 6.
("C:\Program Files\MiKTeX 2.9\tex\latex\hyperref\nameref.sty"
Package: nameref 2012/10/27 v2.43 Cross-referencing by name of section

("C:\Program Files\MiKTeX 2.9\tex\generic\oberdiek\gettitlestring.sty"
Package: gettitlestring 2010/12/03 v1.4 Cleanup title references (HO)
)
\c@section@level=\count172
)
LaTeX Info: Redefining \ref on input line 6.
LaTeX Info: Redefining \pageref on input line 6.
LaTeX Info: Redefining \nameref on input line 6.

("C:\Users\FIRAT UÇAR\Desktop\LATEX BİTİRME\BİTİRME LaTeX Şablonu\BİTİR
ME TEZİ LaTeX DOSYALARI ve BUB.cls\BM-BİTİRME LaTeX Şablonu\BUB DOSYALARI\0
BMbitirme.out")
("C:\Users\FIRAT UÇAR\Desktop\LATEX BİTİRME\BİTİRME LaTeX Şablonu\BİTİR
ME TEZİ LaTeX DOSYALARI ve BUB.cls\BM-BİTİRME LaTeX Şablonu\BUB DOSYALARI\0
BMbitirme.out")
\@outlinefile=\write4

("C:\Users\FIRAT UÇAR\Desktop\LATEX BİTİRME\BİTİRME LaTeX Şablonu\BİTİR
ME TEZİ LaTeX DOSYALARI ve BUB.cls\BM-BİTİRME LaTeX Şablonu\BUB DOSYALARI\1
diskapak.tex" <logomuz.jpg, id=161, 447.17062pt x 578.16pt>
File: logomuz.jpg Graphic file (type jpg)
 <use logomuz.jpg>
Package pdftex.def Info: logomuz.jpg used on input line 4.
(pdftex.def)             Requested size: 89.43253pt x 115.62994pt.
LaTeX Font Info:    Font shape `T1/ptm/bx/n' in size <12> not available
(Font)              Font shape `T1/ptm/b/n' tried instead on input line 8.
)
<filigran.jpg, id=162, 597.432pt x 845.0772pt>
File: filigran.jpg Graphic file (type jpg)
 <use filigran.jpg>
Package pdftex.def Info: filigran.jpg used on input line 9.
(pdftex.def)             Requested size: 597.55817pt x 845.04933pt.
 [1.1


{C:/Users/FIRAT UÇAR/AppData/Local/MiKTeX/2.9/pdftex/config/pdftex.map} <C:/Lo
cal TeX Files/tex/latex/misc/filigran.jpg> <C:/Local TeX Files/tex/latex/misc/l
ogomuz.jpg>]
("C:\Users\FIRAT UÇAR\Desktop\LATEX BİTİRME\BİTİRME LaTeX Şablonu\BİTİR
ME TEZİ LaTeX DOSYALARI ve BUB.cls\BM-BİTİRME LaTeX Şablonu\BUB DOSYALARI\2
ickapak.tex"
File: logomuz.jpg Graphic file (type jpg)
 <use logomuz.jpg>
Package pdftex.def Info: logomuz.jpg used on input line 4.
(pdftex.def)             Requested size: 89.43253pt x 115.62994pt.
) [2.2


]
("C:\Users\FIRAT UÇAR\Desktop\LATEX BİTİRME\BİTİRME LaTeX Şablonu\BİTİR
ME TEZİ LaTeX DOSYALARI ve BUB.cls\BM-BİTİRME LaTeX Şablonu\BUB DOSYALARI\3
bildirim.tex"
LaTeX Font Info:    Try loading font information for U+msa on input line 25.
 ("C:\Program Files\MiKTeX 2.9\tex\latex\amsfonts\umsa.fd"
File: umsa.fd 2013/01/14 v3.01 AMS symbols A
)
LaTeX Font Info:    Try loading font information for U+msb on input line 25.

("C:\Program Files\MiKTeX 2.9\tex\latex\amsfonts\umsb.fd"
File: umsb.fd 2013/01/14 v3.01 AMS symbols B
)) [2.3


]
("C:\Users\FIRAT UÇAR\Desktop\LATEX BİTİRME\BİTİRME LaTeX Şablonu\BİTİR
ME TEZİ LaTeX DOSYALARI ve BUB.cls\BM-BİTİRME LaTeX Şablonu\BUB DOSYALARI\4
ozetabstract.tex"
LaTeX Font Info:    Font shape `T1/ptm/bx/n' in size <14.4> not available
(Font)              Font shape `T1/ptm/b/n' tried instead on input line 2.
LaTeX Font Info:    Font shape `T1/ptm/bx/n' in size <10.95> not available
(Font)              Font shape `T1/ptm/b/n' tried instead on input line 33.
 [3.4


]) [4.5]
("C:\Users\FIRAT UÇAR\Desktop\LATEX BİTİRME\BİTİRME LaTeX Şablonu\BİTİR
ME TEZİ LaTeX DOSYALARI ve BUB.cls\BM-BİTİRME LaTeX Şablonu\BUB DOSYALARI\5
onsoz.tex"
LaTeX Font Info:    Font shape `T1/ptm/bx/n' in size <17.28> not available
(Font)              Font shape `T1/ptm/b/n' tried instead on input line 2.
) [5.6


]
("C:\Users\FIRAT UÇAR\Desktop\LATEX BİTİRME\BİTİRME LaTeX Şablonu\BİTİR
ME TEZİ LaTeX DOSYALARI ve BUB.cls\BM-BİTİRME LaTeX Şablonu\BUB DOSYALARI\6
icindekiler.tex"
("C:\Users\FIRAT UÇAR\Desktop\LATEX BİTİRME\BİTİRME LaTeX Şablonu\BİTİR
ME TEZİ LaTeX DOSYALARI ve BUB.cls\BM-BİTİRME LaTeX Şablonu\BUB DOSYALARI\0
BMbitirme.toc" [6.7


])
\tf@toc=\write5
) [7.8]
("C:\Users\FIRAT UÇAR\Desktop\LATEX BİTİRME\BİTİRME LaTeX Şablonu\BİTİR
ME TEZİ LaTeX DOSYALARI ve BUB.cls\BM-BİTİRME LaTeX Şablonu\BUB DOSYALARI\7
sekiller_tablosu.tex"
("C:\Users\FIRAT UÇAR\Desktop\LATEX BİTİRME\BİTİRME LaTeX Şablonu\BİTİR
ME TEZİ LaTeX DOSYALARI ve BUB.cls\BM-BİTİRME LaTeX Şablonu\BUB DOSYALARI\0
BMbitirme.lof")
\tf@lof=\write6
) [8.9


]
("C:\Users\FIRAT UÇAR\Desktop\LATEX BİTİRME\BİTİRME LaTeX Şablonu\BİTİR
ME TEZİ LaTeX DOSYALARI ve BUB.cls\BM-BİTİRME LaTeX Şablonu\BUB DOSYALARI\9
simge_kisaltma.tex"
Overfull \hbox (14.22636pt too wide) in paragraph at lines 1--3
[][]
 []

) [9.10


]
("C:\Users\FIRAT UÇAR\Desktop\LATEX BİTİRME\BİTİRME LaTeX Şablonu\BİTİR
ME TEZİ LaTeX DOSYALARI ve BUB.cls\BM-BİTİRME LaTeX Şablonu\BUB DOSYALARI\1
0giris.tex" <kripto.jpg, id=377, 724.7075pt x 433.62pt>
File: kripto.jpg Graphic file (type jpg)
 <use kripto.jpg>
Package pdftex.def Info: kripto.jpg used on input line 6.
(pdftex.def)             Requested size: 298.75754pt x 133.72607pt.
pdfTeX warning (ext4): destination with the same identifier (name{page.1}) has 
been already used, duplicate ignored
<to be read again> 
                   \relax 
l.10 \newpage
              [1.11


 <C:/Users/FIRAT UÇAR/Desktop/LATEX BİTİRME/BİTİRME LaTeX Şablonu/BİTİR
ME TEZİ LaTeX DOSYALARI ve BUB.cls/BM-BİTİRME LaTeX Şablonu/BUB DOSYALARI/k
ripto.jpg>]
Underfull \vbox (badness 10000) has occurred while \output is active []

pdfTeX warning (ext4): destination with the same identifier (name{page.2}) has 
been already used, duplicate ignored
<to be read again> 
                   \relax 
l.21 
      [2.12] <RC.jpg, id=387, 1606.0pt x 903.375pt>
File: RC.jpg Graphic file (type jpg)
 <use RC.jpg>
Package pdftex.def Info: RC.jpg used on input line 25.
(pdftex.def)             Requested size: 298.74722pt x 170.70569pt.
) [3.13 <C:/Users/FIRAT UÇAR/Desktop/LATEX BİTİRME/BİTİRME LaTeX Şablonu/
BİTİRME TEZİ LaTeX DOSYALARI ve BUB.cls/BM-BİTİRME LaTeX Şablonu/BUB DOSY
ALARI/RC.jpg>]
("C:\Users\FIRAT UÇAR\Desktop\LATEX BİTİRME\BİTİRME LaTeX Şablonu\BİTİR
ME TEZİ LaTeX DOSYALARI ve BUB.cls\BM-BİTİRME LaTeX Şablonu\BUB DOSYALARI\1
1bolum1.tex" <matlab.jpg, id=393, 192.72pt x 72.9927pt>
File: matlab.jpg Graphic file (type jpg)
 <use matlab.jpg>
Package pdftex.def Info: matlab.jpg used on input line 8.
(pdftex.def)             Requested size: 298.75406pt x 122.34732pt.
LaTeX Font Info:    Try loading font information for T1+pcr on input line 11.

("C:\Program Files\MiKTeX 2.9\tex\latex\psnfss\t1pcr.fd"
File: t1pcr.fd 2001/06/04 font definitions for T1/pcr.
) [4.14


 <C:/Users/FIRAT UÇAR/Desktop/LATEX BİTİRME/BİTİRME LaTeX Şablonu/BİTİR
ME TEZİ LaTeX DOSYALARI ve BUB.cls/BM-BİTİRME LaTeX Şablonu/BUB DOSYALARI/m
atlab.jpg>]
[5.15] <csharp.jpg, id=408, 316.18124pt x 98.61844pt>
File: csharp.jpg Graphic file (type jpg)
 <use csharp.jpg>
Package pdftex.def Info: csharp.jpg used on input line 23.
(pdftex.def)             Requested size: 298.77354pt x 105.27538pt.

Underfull \vbox (badness 10000) has occurred while \output is active []

 [6.16 <C:/Users/FIRAT UÇAR/Desktop/LATEX BİTİRME/BİTİRME LaTeX Şablonu/B
İTİRME TEZİ LaTeX DOSYALARI ve BUB.cls/BM-BİTİRME LaTeX Şablonu/BUB DOSYA
LARI/csharp.jpg>]) [7.17]
("C:\Users\FIRAT UÇAR\Desktop\LATEX BİTİRME\BİTİRME LaTeX Şablonu\BİTİR
ME TEZİ LaTeX DOSYALARI ve BUB.cls\BM-BİTİRME LaTeX Şablonu\BUB DOSYALARI\1
2bolum2.tex" <RC2.jpg, id=421, 533.74406pt x 200.24812pt>
File: RC2.jpg Graphic file (type jpg)
 <use RC2.jpg>
Package pdftex.def Info: RC2.jpg used on input line 12.
(pdftex.def)             Requested size: 298.76433pt x 142.27188pt.

[8.18


] <RC3.jpg, id=427, 542.77782pt x 84.315pt>
File: RC3.jpg Graphic file (type jpg)
 <use RC3.jpg>
Package pdftex.def Info: RC3.jpg used on input line 20.
(pdftex.def)             Requested size: 298.76062pt x 71.13286pt.
 [9.19 <C:/Users/FIRAT UÇAR/Desktop/LATEX BİTİRME/BİTİRME LaTeX Şablonu/B
İTİRME TEZİ LaTeX DOSYALARI ve BUB.cls/BM-BİTİRME LaTeX Şablonu/BUB DOSYA
LARI/RC2.jpg> <C:/Users/FIRAT UÇAR/Desktop/LATEX BİTİRME/BİTİRME LaTeX Şa
blonu/BİTİRME TEZİ LaTeX DOSYALARI ve BUB.cls/BM-BİTİRME LaTeX Şablonu/BU
B DOSYALARI/RC3.jpg>]
LaTeX Font Info:    Try loading font information for OMS+ptm on input line 28.
 ("C:\Program Files\MiKTeX 2.9\tex\latex\psnfss\omsptm.fd"
File: omsptm.fd 
)
LaTeX Font Info:    Font shape `OMS/ptm/m/n' in size <12> not available
(Font)              Font shape `OMS/cmsy/m/n' tried instead on input line 28.
 [10.20]
<WEP.jpg, id=440, 475.7775pt x 253.69781pt>
File: WEP.jpg Graphic file (type jpg)
 <use WEP.jpg>
Package pdftex.def Info: WEP.jpg used on input line 42.
(pdftex.def)             Requested size: 298.76859pt x 170.7199pt.

<WEP2.jpg, id=442, 460.72125pt x 197.98969pt>
File: WEP2.jpg Graphic file (type jpg)
 <use WEP2.jpg>
Package pdftex.def Info: WEP2.jpg used on input line 50.
(pdftex.def)             Requested size: 298.7482pt x 170.71794pt.
 [11.21 <C:/Users/FIRAT UÇAR/Desktop/LATEX BİTİRME/BİTİRME LaTeX Şablonu/
BİTİRME TEZİ LaTeX DOSYALARI ve BUB.cls/BM-BİTİRME LaTeX Şablonu/BUB DOSY
ALARI/WEP.jpg> <C:/Users/FIRAT UÇAR/Desktop/LATEX BİTİRME/BİTİRME LaTeX Ş
ablonu/BİTİRME TEZİ LaTeX DOSYALARI ve BUB.cls/BM-BİTİRME LaTeX Şablonu/B
UB DOSYALARI/WEP2.jpg>]) [12.22]
("C:\Users\FIRAT UÇAR\Desktop\LATEX BİTİRME\BİTİRME LaTeX Şablonu\BİTİR
ME TEZİ LaTeX DOSYALARI ve BUB.cls\BM-BİTİRME LaTeX Şablonu\BUB DOSYALARI\1
3materyal_yontem.tex" <catmap.jpg, id=455, 449.42906pt x 121.20282pt>
File: catmap.jpg Graphic file (type jpg)

<use catmap.jpg>
Package pdftex.def Info: catmap.jpg used on input line 9.
(pdftex.def)             Requested size: 298.76369pt x 85.36292pt.
 [13.23


 <C:/Users/FIRAT UÇAR/Desktop/LATEX BİTİRME/BİTİRME LaTeX Şablonu/BİTİR
ME TEZİ LaTeX DOSYALARI ve BUB.cls/BM-BİTİRME LaTeX Şablonu/BUB DOSYALARI/c
atmap.jpg>] <lena.jpg, id=461, 513.92pt x 513.92pt>
File: lena.jpg Graphic file (type jpg)

<use lena.jpg>
Package pdftex.def Info: lena.jpg used on input line 18.
(pdftex.def)             Requested size: 298.75603pt x 170.71548pt.
 [14.24 <C:/Users/FIRAT UÇAR/Desktop/LATEX BİTİRME/BİTİRME LaTeX Şablonu/
BİTİRME TEZİ LaTeX DOSYALARI ve BUB.cls/BM-BİTİRME LaTeX Şablonu/BUB DOSY
ALARI/lena.jpg>] <lena2.jpg, id=468, 389.20406pt x 390.70969pt>
File: lena2.jpg Graphic file (type jpg)

<use lena2.jpg>
Package pdftex.def Info: lena2.jpg used on input line 27.
(pdftex.def)             Requested size: 355.67282pt x 227.62526pt.
 <catmapreverse.jpg, id=470, 414.04688pt x 109.91063pt>
File: catmapreverse.jpg Graphic file (type jpg)

<use catmapreverse.jpg>
Package pdftex.def Info: catmapreverse.jpg used on input line 35.
(pdftex.def)             Requested size: 298.76425pt x 85.36096pt.
) [15.25 <C:/Users/FIRAT UÇAR/Desktop/LATEX BİTİRME/BİTİRME LaTeX Şablonu
/BİTİRME TEZİ LaTeX DOSYALARI ve BUB.cls/BM-BİTİRME LaTeX Şablonu/BUB DOS
YALARI/lena2.jpg> <C:/Users/FIRAT UÇAR/Desktop/LATEX BİTİRME/BİTİRME LaTeX
 Şablonu/BİTİRME TEZİ LaTeX DOSYALARI ve BUB.cls/BM-BİTİRME LaTeX Şablon
u/BUB DOSYALARI/catmapreverse.jpg>]
("C:\Users\FIRAT UÇAR\Desktop\LATEX BİTİRME\BİTİRME LaTeX Şablonu\BİTİR
ME TEZİ LaTeX DOSYALARI ve BUB.cls\BM-BİTİRME LaTeX Şablonu\BUB DOSYALARI\1
4bulgu_tartisma.tex"
File: RC2.jpg Graphic file (type jpg)
 <use RC2.jpg>
Package pdftex.def Info: RC2.jpg used on input line 8.
(pdftex.def)             Requested size: 298.76433pt x 142.27188pt.
 [16.26


]
File: RC3.jpg Graphic file (type jpg)
 <use RC3.jpg>
Package pdftex.def Info: RC3.jpg used on input line 19.
(pdftex.def)             Requested size: 298.76062pt x 71.13286pt.
 [17.27]
Underfull \vbox (badness 10000) has occurred while \output is active []

 [18.28]
[19.29] <form.jpg, id=497, 855.94781pt x 405.01312pt>
File: form.jpg Graphic file (type jpg)
 <use form.jpg>
Package pdftex.def Info: form.jpg used on input line 49.
(pdftex.def)             Requested size: 298.75034pt x 170.71616pt.

<filedialog.jpg, id=499, 703.12688pt x 365.86688pt>
File: filedialog.jpg Graphic file (type jpg)
 <use filedialog.jpg>
Package pdftex.def Info: filedialog.jpg used on input line 58.
(pdftex.def)             Requested size: 298.74449pt x 170.7181pt.

[20.30 <C:/Users/FIRAT UÇAR/Desktop/LATEX BİTİRME/BİTİRME LaTeX Şablonu/B
İTİRME TEZİ LaTeX DOSYALARI ve BUB.cls/BM-BİTİRME LaTeX Şablonu/BUB DOSYA
LARI/form.jpg> <C:/Users/FIRAT UÇAR/Desktop/LATEX BİTİRME/BİTİRME LaTeX Ş
ablonu/BİTİRME TEZİ LaTeX DOSYALARI ve BUB.cls/BM-BİTİRME LaTeX Şablonu/B
UB DOSYALARI/filedialog.jpg>] <tobase64.jpg, id=506, 342.5297pt x 112.92188pt>
File: tobase64.jpg Graphic file (type jpg)

<use tobase64.jpg>
Package pdftex.def Info: tobase64.jpg used on input line 67.
(pdftex.def)             Requested size: 298.77718pt x 113.81757pt.
 [21.31 <C:/Users/FIRAT UÇAR/Desktop/LATEX BİTİRME/BİTİRME LaTeX Şablonu/
BİTİRME TEZİ LaTeX DOSYALARI ve BUB.cls/BM-BİTİRME LaTeX Şablonu/BUB DOSY
ALARI/tobase64.jpg>]
<sifrelebuton.jpg, id=514, 850.67813pt x 383.93437pt>
File: sifrelebuton.jpg Graphic file (type jpg)
 <use sifrelebuton.jpg>
Package pdftex.def Info: sifrelebuton.jpg used on input line 77.
(pdftex.def)             Requested size: 384.11263pt x 227.62654pt.

[22.32 <C:/Users/FIRAT UÇAR/Desktop/LATEX BİTİRME/BİTİRME LaTeX Şablonu/B
İTİRME TEZİ LaTeX DOSYALARI ve BUB.cls/BM-BİTİRME LaTeX Şablonu/BUB DOSYA
LARI/sifrelebuton.jpg>] <strtohex.jpg, id=520, 290.58563pt x 129.48375pt>
File: strtohex.jpg Graphic file (type jpg)

<use strtohex.jpg>
Package pdftex.def Info: strtohex.jpg used on input line 88.
(pdftex.def)             Requested size: 298.77446pt x 108.12544pt.
 [23.33 <C:/Users/FIRAT UÇAR/Desktop/LATEX BİTİRME/BİTİRME LaTeX Şablonu/
BİTİRME TEZİ LaTeX DOSYALARI ve BUB.cls/BM-BİTİRME LaTeX Şablonu/BUB DOSY
ALARI/strtohex.jpg>]
<stream.jpg, id=528, 420.82219pt x 97.11281pt>
File: stream.jpg Graphic file (type jpg)
 <use stream.jpg>
Package pdftex.def Info: stream.jpg used on input line 105.
(pdftex.def)             Requested size: 298.75372pt x 99.58719pt.

Overfull \hbox (1.83772pt too wide) in paragraph at lines 101--108
\T1/ptm/m/n/12 dildi. Geri dn-drme i-lemi ya-p-lr-ken form ek-ra-nnda bu-
lu-nan GER DN-D-R-LECEK
 []

[24.34 <C:/Users/FIRAT UÇAR/Desktop/LATEX BİTİRME/BİTİRME LaTeX Şablonu/B
İTİRME TEZİ LaTeX DOSYALARI ve BUB.cls/BM-BİTİRME LaTeX Şablonu/BUB DOSYA
LARI/stream.jpg>] <hextostr.jpg, id=536, 331.99031pt x 90.3375pt>
File: hextostr.jpg Graphic file (type jpg)

<use hextostr.jpg>
Package pdftex.def Info: hextostr.jpg used on input line 117.
(pdftex.def)             Requested size: 298.76823pt x 99.58519pt.
) [25.35 <C:/Users/FIRAT UÇAR/Desktop/LATEX BİTİRME/BİTİRME LaTeX Şablonu
/BİTİRME TEZİ LaTeX DOSYALARI ve BUB.cls/BM-BİTİRME LaTeX Şablonu/BUB DOS
YALARI/hextostr.jpg>]
("C:\Users\FIRAT UÇAR\Desktop\LATEX BİTİRME\BİTİRME LaTeX Şablonu\BİTİR
ME TEZİ LaTeX DOSYALARI ve BUB.cls\BM-BİTİRME LaTeX Şablonu\BUB DOSYALARI\1
5sonuc_oneri.tex" <sonuc.jpg, id=544, 834.11626pt x 383.18156pt>
File: sonuc.jpg Graphic file (type jpg)

<use sonuc.jpg>
Package pdftex.def Info: sonuc.jpg used on input line 6.
(pdftex.def)             Requested size: 412.56427pt x 284.54387pt.


LaTeX Warning: Reference `sonuc' on page 26 undefined on input line 11.

) [26.36


 <C:/Users/FIRAT UÇAR/Desktop/LATEX BİTİRME/BİTİRME LaTeX Şablonu/BİTİR
ME TEZİ LaTeX DOSYALARI ve BUB.cls/BM-BİTİRME LaTeX Şablonu/BUB DOSYALARI/s
onuc.jpg>]
("C:\Users\FIRAT UÇAR\Desktop\LATEX BİTİRME\BİTİRME LaTeX Şablonu\BİTİR
ME TEZİ LaTeX DOSYALARI ve BUB.cls\BM-BİTİRME LaTeX Şablonu\BUB DOSYALARI\1
6ekler.tex" <runge2.jpg, id=550, 380.17032pt x 191.9672pt>
File: runge2.jpg Graphic file (type jpg)
 <use runge2.jpg>
Package pdftex.def Info: runge2.jpg used on input line 10.
(pdftex.def)             Requested size: 298.7592pt x 113.81326pt.

[27.37


 <C:/Users/FIRAT UÇAR/Desktop/LATEX BİTİRME/BİTİRME LaTeX Şablonu/BİTİR
ME TEZİ LaTeX DOSYALARI ve BUB.cls/BM-BİTİRME LaTeX Şablonu/BUB DOSYALARI/r
unge2.jpg>] <runge.jpg, id=558, 264.99pt x 305.64188pt>
File: runge.jpg Graphic file (type jpg)
 <use runge.jpg>
Package pdftex.def Info: runge.jpg used on input line 27.
(pdftex.def)             Requested size: 298.77614pt x 227.62184pt.

[28.38 <C:/Users/FIRAT UÇAR/Desktop/LATEX BİTİRME/BİTİRME LaTeX Şablonu/B
İTİRME TEZİ LaTeX DOSYALARI ve BUB.cls/BM-BİTİRME LaTeX Şablonu/BUB DOSYA
LARI/runge.jpg>] <runge3.jpg, id=563, 358.33875pt x 291.33844pt>
File: runge3.jpg Graphic file (type jpg)

<use runge3.jpg>
Package pdftex.def Info: runge3.jpg used on input line 35.
(pdftex.def)             Requested size: 298.77164pt x 170.71902pt.
 <catmaprgb.jpg, id=566, 291.33844pt x 308.65312pt>
File: catmaprgb.jpg Graphic file (type jpg)

<use catmaprgb.jpg>
Package pdftex.def Info: catmaprgb.jpg used on input line 46.
(pdftex.def)             Requested size: 298.77942pt x 227.62733pt.
 <catmaprgbreverse.jpg, id=567, 316.18124pt x 283.0575pt>
File: catmaprgbreverse.jpg Graphic file (type jpg)

<use catmaprgbreverse.jpg>
Package pdftex.def Info: catmaprgbreverse.jpg used on input line 54.
(pdftex.def)             Requested size: 298.77354pt x 227.62973pt.
)
Underfull \vbox (badness 10000) has occurred while \output is active []

 [29.39 <C:/Users/FIRAT UÇAR/Desktop/LATEX BİTİRME/BİTİRME LaTeX Şablonu/
BİTİRME TEZİ LaTeX DOSYALARI ve BUB.cls/BM-BİTİRME LaTeX Şablonu/BUB DOSY
ALARI/runge3.jpg> <C:/Users/FIRAT UÇAR/Desktop/LATEX BİTİRME/BİTİRME LaTeX
 Şablonu/BİTİRME TEZİ LaTeX DOSYALARI ve BUB.cls/BM-BİTİRME LaTeX Şablon
u/BUB DOSYALARI/catmaprgb.jpg>] [30.40 <C:/Users/FIRAT UÇAR/Desktop/LATEX BİT
İRME/BİTİRME LaTeX Şablonu/BİTİRME TEZİ LaTeX DOSYALARI ve BUB.cls/BM-B
TİRME LaTeX Şablonu/BUB DOSYALARI/catmaprgbreverse.jpg>]
("C:\Users\FIRAT UÇAR\Desktop\LATEX BİTİRME\BİTİRME LaTeX Şablonu\BİTİR
ME TEZİ LaTeX DOSYALARI ve BUB.cls\BM-BİTİRME LaTeX Şablonu\BUB DOSYALARI\1
7kaynaklar.tex"
Underfull \hbox (badness 10000) in paragraph at lines 10--11
[][]$\T1/pcr/m/n/12 http : / / www . teknokolikler . com / 2011 / 11 /$
 []


Underfull \hbox (badness 10000) in paragraph at lines 12--13
[][]$\T1/pcr/m/n/12 http : / / www . teknokoliker . com / 2011 / 11 /$
 []


Underfull \hbox (badness 10000) in paragraph at lines 13--14
[][]$\T1/pcr/m/n/12 https : / / www . vocal . com / secure-[]communication /$
 []


Underfull \hbox (badness 10000) in paragraph at lines 15--16
[][]$\T1/pcr/m/n/12 https : / / stackoverflow . com / questions / 21325661 /$
 []


Underfull \hbox (badness 10000) in paragraph at lines 16--17
[]\T1/ptm/m/n/12 Microsoft, []$\T1/pcr/m/n/12 https : / / social . msdn . micro
soft . com / Forums /$
 []


Underfull \hbox (badness 10000) in paragraph at lines 16--17
$\T1/pcr/m/n/12 en-[]US / 74fdc1b9-[]9074-[]4c49-[]b90d-[]fbd1947c2e00 /$
 []


Underfull \hbox (badness 10000) in paragraph at lines 17--18
[]\T1/ptm/m/n/12 Microsoft, []$\T1/pcr/m/n/12 https : / / msdn . microsoft . co
m / tr-[]tr / library /$
 []

) [31.41


]
("C:\Users\FIRAT UÇAR\Desktop\LATEX BİTİRME\BİTİRME LaTeX Şablonu\BİTİR
ME TEZİ LaTeX DOSYALARI ve BUB.cls\BM-BİTİRME LaTeX Şablonu\BUB DOSYALARI\1
8ozgecmis.tex"
Overfull \hbox (57.61572pt too wide) in paragraph at lines 6--32
[][] 
 []

) [32.42


]
Package atveryend Info: Empty hook `BeforeClearDocument' on input line 32.
Package atveryend Info: Empty hook `AfterLastShipout' on input line 32.

("C:\Users\FIRAT UÇAR\Desktop\LATEX BİTİRME\BİTİRME LaTeX Şablonu\BİTİR
ME TEZİ LaTeX DOSYALARI ve BUB.cls\BM-BİTİRME LaTeX Şablonu\BUB DOSYALARI\0
BMbitirme.aux"
("C:\Users\FIRAT UÇAR\Desktop\LATEX BİTİRME\BİTİRME LaTeX Şablonu\BİTİR
ME TEZİ LaTeX DOSYALARI ve BUB.cls\BM-BİTİRME LaTeX Şablonu\BUB DOSYALARI\1
diskapak.aux")
("C:\Users\FIRAT UÇAR\Desktop\LATEX BİTİRME\BİTİRME LaTeX Şablonu\BİTİR
ME TEZİ LaTeX DOSYALARI ve BUB.cls\BM-BİTİRME LaTeX Şablonu\BUB DOSYALARI\2
ickapak.aux")
("C:\Users\FIRAT UÇAR\Desktop\LATEX BİTİRME\BİTİRME LaTeX Şablonu\BİTİR
ME TEZİ LaTeX DOSYALARI ve BUB.cls\BM-BİTİRME LaTeX Şablonu\BUB DOSYALARI\3
bildirim.aux")
("C:\Users\FIRAT UÇAR\Desktop\LATEX BİTİRME\BİTİRME LaTeX Şablonu\BİTİR
ME TEZİ LaTeX DOSYALARI ve BUB.cls\BM-BİTİRME LaTeX Şablonu\BUB DOSYALARI\4
ozetabstract.aux")
("C:\Users\FIRAT UÇAR\Desktop\LATEX BİTİRME\BİTİRME LaTeX Şablonu\BİTİR
ME TEZİ LaTeX DOSYALARI ve BUB.cls\BM-BİTİRME LaTeX Şablonu\BUB DOSYALARI\5
onsoz.aux")
("C:\Users\FIRAT UÇAR\Desktop\LATEX BİTİRME\BİTİRME LaTeX Şablonu\BİTİR
ME TEZİ LaTeX DOSYALARI ve BUB.cls\BM-BİTİRME LaTeX Şablonu\BUB DOSYALARI\6
icindekiler.aux")
("C:\Users\FIRAT UÇAR\Desktop\LATEX BİTİRME\BİTİRME LaTeX Şablonu\BİTİR
ME TEZİ LaTeX DOSYALARI ve BUB.cls\BM-BİTİRME LaTeX Şablonu\BUB DOSYALARI\7
sekiller_tablosu.aux")
("C:\Users\FIRAT UÇAR\Desktop\LATEX BİTİRME\BİTİRME LaTeX Şablonu\BİTİR
ME TEZİ LaTeX DOSYALARI ve BUB.cls\BM-BİTİRME LaTeX Şablonu\BUB DOSYALARI\9
simge_kisaltma.aux")
("C:\Users\FIRAT UÇAR\Desktop\LATEX BİTİRME\BİTİRME LaTeX Şablonu\BİTİR
ME TEZİ LaTeX DOSYALARI ve BUB.cls\BM-BİTİRME LaTeX Şablonu\BUB DOSYALARI\1
0giris.aux")
("C:\Users\FIRAT UÇAR\Desktop\LATEX BİTİRME\BİTİRME LaTeX Şablonu\BİTİR
ME TEZİ LaTeX DOSYALARI ve BUB.cls\BM-BİTİRME LaTeX Şablonu\BUB DOSYALARI\1
1bolum1.aux")
("C:\Users\FIRAT UÇAR\Desktop\LATEX BİTİRME\BİTİRME LaTeX Şablonu\BİTİR
ME TEZİ LaTeX DOSYALARI ve BUB.cls\BM-BİTİRME LaTeX Şablonu\BUB DOSYALARI\1
2bolum2.aux")
("C:\Users\FIRAT UÇAR\Desktop\LATEX BİTİRME\BİTİRME LaTeX Şablonu\BİTİR
ME TEZİ LaTeX DOSYALARI ve BUB.cls\BM-BİTİRME LaTeX Şablonu\BUB DOSYALARI\1
3materyal_yontem.aux")
("C:\Users\FIRAT UÇAR\Desktop\LATEX BİTİRME\BİTİRME LaTeX Şablonu\BİTİR
ME TEZİ LaTeX DOSYALARI ve BUB.cls\BM-BİTİRME LaTeX Şablonu\BUB DOSYALARI\1
4bulgu_tartisma.aux")
("C:\Users\FIRAT UÇAR\Desktop\LATEX BİTİRME\BİTİRME LaTeX Şablonu\BİTİR
ME TEZİ LaTeX DOSYALARI ve BUB.cls\BM-BİTİRME LaTeX Şablonu\BUB DOSYALARI\1
5sonuc_oneri.aux")
("C:\Users\FIRAT UÇAR\Desktop\LATEX BİTİRME\BİTİRME LaTeX Şablonu\BİTİR
ME TEZİ LaTeX DOSYALARI ve BUB.cls\BM-BİTİRME LaTeX Şablonu\BUB DOSYALARI\1
6ekler.aux")
("C:\Users\FIRAT UÇAR\Desktop\LATEX BİTİRME\BİTİRME LaTeX Şablonu\BİTİR
ME TEZİ LaTeX DOSYALARI ve BUB.cls\BM-BİTİRME LaTeX Şablonu\BUB DOSYALARI\1
7kaynaklar.aux")
("C:\Users\FIRAT UÇAR\Desktop\LATEX BİTİRME\BİTİRME LaTeX Şablonu\BİTİR
ME TEZİ LaTeX DOSYALARI ve BUB.cls\BM-BİTİRME LaTeX Şablonu\BUB DOSYALARI\1
8ozgecmis.aux"))
Package atveryend Info: Executing hook `AtVeryEndDocument' on input line 32.
Package atveryend Info: Executing hook `AtEndAfterFileList' on input line 32.
Package rerunfilecheck Info: File `0BMbitirme.out' has not changed.
(rerunfilecheck)             Checksum: 5818DE1B8EA550719F31D8C89B00F360;6210.


LaTeX Warning: There were undefined references.

 ) 
Here is how much of TeX's memory you used:
 23705 strings out of 493921
 434732 string characters out of 3144056
 486965 words of memory out of 3000000
 26316 multiletter control sequences out of 15000+200000
 29614 words of font info for 49 fonts, out of 3000000 for 9000
 841 hyphenation exceptions out of 8191
 62i,12n,79p,1103b,466s stack positions out of 5000i,500n,10000p,200000b,50000s
{C:/Program Files/MiKTeX 2.9/fonts/enc/dvips/fontname/8r.enc}<C:/Program File
s/MiKTeX 2.9/fonts/type1/public/amsfonts/cm/cmsy10.pfb><C:/Program Files/MiKTeX
 2.9/fonts/type1/urw/courier/ucrr8a.pfb><C:/Program Files/MiKTeX 2.9/fonts/type
1/urw/times/utmb8a.pfb><C:/Program Files/MiKTeX 2.9/fonts/type1/urw/times/utmr8
a.pfb>
Output written on 0BMbitirme.pdf (42 pages, 3068793 bytes).
PDF statistics:
 643 PDF objects out of 1000 (max. 8388607)
 120 named destinations out of 1000 (max. 500000)
 460 words of extra memory for PDF output out of 10000 (max. 10000000)

