\BOOKMARK [1][-]{section*.6}{\376\377\000\326\000N\000S\000\326\000Z}{}% 1
\BOOKMARK [1][-]{section*.7}{\376\377\001\136\000E\000K\001\060\000L\000L\000E\000R\000\040\000T\000A\000B\000L\000O\000S\000U}{}% 2
\BOOKMARK [1][-]{section*.7}{\376\377\000K\000I\000S\000A\000L\000T\000M\000A\000L\000A\000R}{}% 3
\BOOKMARK [1][-]{section.1}{\376\377\000G\001\060\000R\001\060\001\136}{}% 4
\BOOKMARK [1][-]{section.2}{\376\377\000P\000R\000O\000G\000R\000A\000M\000L\000A\000M\000A}{}% 5
\BOOKMARK [2][-]{subsection.2.1}{\376\377\000M\000a\000t\000l\000a\000b}{section.2}% 6
\BOOKMARK [3][-]{subsubsection.2.1.1}{\376\377\000M\000a\000t\000l\000a\000b\000\040\000k\000u\000l\000l\000a\000n\001\061\000m\000\040\000a\000l\000a\000n\000l\000a\000r\001\061}{subsection.2.1}% 7
\BOOKMARK [2][-]{subsection.2.2}{\376\377\000C\000\043}{section.2}% 8
\BOOKMARK [3][-]{subsubsection.2.2.1}{\376\377\000.\000N\000E\000T\000\040\000F\000r\000a\000m\000e\000w\000o\000r\000k\000\040\000n\000e\000d\000i\000r\000?}{subsection.2.2}% 9
\BOOKMARK [3][-]{subsubsection.2.2.2}{\376\377\000C\000\043\000\040\000k\000u\000l\000l\000a\000n\001\061\000m\000\040\000a\000l\000a\000n\000l\000a\000r\001\061}{subsection.2.2}% 10
\BOOKMARK [1][-]{section.3}{\376\377\000R\000C\0004\000\040\000U\000Y\000G\000U\000L\000A\000M\000A\000S\000I\000\040\000N\000E\000D\001\060\000R\000\040\000?\000\040\000K\000U\000L\000L\000A\000N\000I\000M\000\040\000A\000L\000A\000N\000L\000A\000R\000I\000\040\000N\000E\000L\000E\000R\000D\001\060\000R\000\040\000?}{}% 11
\BOOKMARK [2][-]{subsection.3.1}{\376\377\000R\000C\0004\000\040\000N\000e\000d\000i\000r\000\040\000?}{section.3}% 12
\BOOKMARK [2][-]{subsection.3.2}{\376\377\000R\000C\0004\000\040\000N\000a\000s\001\061\000l\000\040\000\307\000a\000l\001\061\001\137\001\061\000r\000\040\000?}{section.3}% 13
\BOOKMARK [2][-]{subsection.3.3}{\376\377\000R\000C\0004\000\040\000G\000\374\000\347\000l\000\374\000\040\000Y\000\366\000n\000l\000e\000r\000i}{section.3}% 14
\BOOKMARK [2][-]{subsection.3.4}{\376\377\000R\000C\0004\000\040\000K\000u\000l\000l\000a\000n\001\061\000m\000\040\000A\000l\000a\000n\000l\000a\000r\001\061}{section.3}% 15
\BOOKMARK [3][-]{subsubsection.3.4.1}{\376\377\000W\000i\000r\000e\000d\000\040\000e\000q\000u\000i\000v\000a\000l\000e\000n\000t\000\040\000p\000r\000i\000v\000a\000c\000y}{subsection.3.4}% 16
\BOOKMARK [3][-]{subsubsection.3.4.2}{\376\377\000W\000i\000r\000e\000l\000e\000s\000s\000\040\000p\000r\000o\000t\000e\000c\000t\000e\000d\000\040\000a\000c\000c\000e\000s\000s}{subsection.3.4}% 17
\BOOKMARK [1][-]{section.4}{\376\377\0002\000B\000\040\000C\000A\000T\000\040\000M\000A\000P\000\040\000K\000A\000O\000T\001\060\000K\000\040\000S\001\060\000S\000T\000E\000M\001\060}{}% 18
\BOOKMARK [2][-]{subsection.4.1}{\376\377\0002\000B\000\040\000C\000a\000t\000\040\000M\000a\000p\000\040\000N\000e\000d\000i\000r\000\040\000?\000\040\000N\000a\000s\001\061\000l\000\040\000\307\000a\000l\001\061\001\137\001\061\000r\000\040\000?}{section.4}% 19
\BOOKMARK [1][-]{section.5}{\376\377\001\136\001\060\000F\000R\000E\000L\000E\000M\000E\000\040\001\060\001\136\000L\000E\000M\000L\000E\000R\001\060}{}% 20
\BOOKMARK [2][-]{subsection.5.1}{\376\377\000R\000C\0004\000\040\000S\001\061\000n\001\061\000f\001\061\000n\001\061\000n\000\040\000O\000l\000u\001\137\000t\000u\000r\000u\000l\000m\000a\000s\001\061}{section.5}% 21
\BOOKMARK [2][-]{subsection.5.2}{\376\377\000F\000o\000r\000m\000\040\000E\000k\000r\000a\000n\001\061\000n\001\061\000n\000\040\000T\000a\000s\000a\000r\000l\000a\000n\000m\000a\000s\001\061}{section.5}% 22
\BOOKMARK [3][-]{subsubsection.5.2.1}{\376\377\000B\000u\000t\000o\000n\000\040\000k\000u\000l\000l\000a\000n\001\061\000m\001\061}{subsection.5.2}% 23
\BOOKMARK [3][-]{subsubsection.5.2.2}{\376\377\000O\000p\000e\000n\000F\000i\000l\000e\000D\000i\000a\000l\000o\000g\000\040\000k\000u\000l\000l\000a\000n\001\061\000m\001\061}{subsection.5.2}% 24
\BOOKMARK [3][-]{subsubsection.5.2.3}{\376\377\000S\000a\000v\000e\000F\000i\000l\000e\000D\000i\000a\000l\000o\000g\000\040\000k\000u\000l\000l\000a\000n\001\061\000m\001\061}{subsection.5.2}% 25
\BOOKMARK [3][-]{subsubsection.5.2.4}{\376\377\000L\000a\000b\000e\000l\000\040\000k\000u\000l\000l\000a\000n\001\061\000m\001\061}{subsection.5.2}% 26
\BOOKMARK [3][-]{subsubsection.5.2.5}{\376\377\000P\000i\000c\000t\000u\000r\000e\000B\000o\000x\000\040\000k\000u\000l\000l\000a\000n\001\061\000m\001\061}{subsection.5.2}% 27
\BOOKMARK [3][-]{subsubsection.5.2.6}{\376\377\000T\000e\000x\000t\000B\000o\000x\000\040\000k\000u\000l\000l\000a\000n\001\061\000m\001\061}{subsection.5.2}% 28
\BOOKMARK [2][-]{subsection.5.3}{\376\377\001\136\000i\000f\000r\000e\000l\000e\000m\000e\000\040\001\060\001\137\000l\000e\000m\000i}{section.5}% 29
\BOOKMARK [2][-]{subsection.5.4}{\376\377\001\136\000i\000f\000r\000e\000l\000i\000\040\000M\000e\000t\000i\000n\000i\000n\000\040\000K\000a\000y\000d\000e\000d\000i\000l\000m\000e\000s\000i}{section.5}% 30
\BOOKMARK [1][-]{section.6}{\376\377\000G\000E\000R\001\060\000\040\000D\000\326\000N\000D\000\334\000R\000M\000E\000\040\001\060\001\136\000L\000E\000M\000L\000E\000R\001\060}{}% 31
\BOOKMARK [2][-]{subsection.6.1}{\376\377\000K\000a\000y\000d\000e\000d\000i\000l\000e\000n\000\040\001\136\000i\000f\000r\000e\000l\000i\000\040\000M\000e\000t\000i\000n\000i\000n\000\040\000S\000e\000\347\000i\000l\000m\000e\000s\000i}{section.6}% 32
\BOOKMARK [2][-]{subsection.6.2}{\376\377\000G\000e\000r\000i\000\040\000D\000\366\000n\000d\000\374\000r\000m\000e\000\040\001\060\001\137\000l\000e\000m\000i}{section.6}% 33
\BOOKMARK [1][-]{section.7}{\376\377\000S\000O\000N\000U\000\307\000L\000A\000R\000\040\000V\000E\000\040\000\326\000N\000E\000R\001\060\000L\000E\000R}{}% 34
\BOOKMARK [1][-]{section.8}{\376\377\000E\000K\000L\000E\000R}{}% 35
\BOOKMARK [2][-]{subsection.8.1}{\376\377\000E\000K\000-\0001}{section.8}% 36
\BOOKMARK [2][-]{subsection.8.2}{\376\377\000E\000K\000-\0002}{section.8}% 37
\BOOKMARK [1][-]{figure.caption.34}{\376\377\000K\000A\000Y\000N\000A\000K\000L\000A\000R}{}% 38
\BOOKMARK [1][-]{section*.35}{\376\377\000\326\000Z\000G\000E\000\307\000M\001\060\001\136}{}% 39
